This file contains any messages produced by compilers while
running configure, to aid debugging if configure makes a mistake.

It was created by cuts configure 0.0.1a, which was
generated by GNU Autoconf 2.69.  Invocation command line was

  $ ./configure 

## --------- ##
## Platform. ##
## --------- ##

hostname = archlinux
uname -m = x86_64
uname -r = 4.19.29-1-lts
uname -s = Linux
uname -v = #1 SMP Thu Mar 14 15:39:08 CET 2019

/usr/bin/uname -p = unknown
/bin/uname -X     = unknown

/bin/arch              = unknown
/usr/bin/arch -k       = unknown
/usr/convex/getsysinfo = unknown
/usr/bin/hostinfo      = unknown
/bin/machine           = unknown
/usr/bin/oslevel       = unknown
/bin/universe          = unknown

PATH: /bin
PATH: /usr/bin
PATH: /usr/bin
PATH: /usr/ucb
PATH: /usr/local/sbin
PATH: /usr/local/bin
PATH: /usr/lib/jvm/default/bin
PATH: /usr/bin/site_perl
PATH: /usr/bin/vendor_perl
PATH: /usr/bin/core_perl
PATH: /home/tait/.local/bin
PATH: /home/tait/.cargo/bin
PATH: /home/tait/.local/bin/dmenu-progs
PATH: /usr/lib/jvm/default/bin
PATH: /usr/bin/site_perl
PATH: /usr/bin/vendor_perl
PATH: /usr/bin/core_perl
PATH: /home/tait/.local/bin
PATH: /home/tait/.cargo/bin
PATH: /home/tait/.local/bin/dmenu-progs


## ----------- ##
## Core tests. ##
## ----------- ##

configure:2435: checking for g++
configure:2451: found /bin/g++
configure:2462: result: g++
configure:2489: checking for C++ compiler version
configure:2498: g++ --version >&5
g++ (GCC) 8.2.1 20181127
Copyright (C) 2018 Free Software Foundation, Inc.
This is free software; see the source for copying conditions.  There is NO
warranty; not even for MERCHANTABILITY or FITNESS FOR A PARTICULAR PURPOSE.

configure:2509: $? = 0
configure:2498: g++ -v >&5
Using built-in specs.
COLLECT_GCC=g++
COLLECT_LTO_WRAPPER=/usr/lib/gcc/x86_64-pc-linux-gnu/8.2.1/lto-wrapper
Target: x86_64-pc-linux-gnu
Configured with: /build/gcc/src/gcc/configure --prefix=/usr --libdir=/usr/lib --libexecdir=/usr/lib --mandir=/usr/share/man --infodir=/usr/share/info --with-bugurl=https://bugs.archlinux.org/ --enable-languages=c,c++,ada,fortran,go,lto,objc,obj-c++ --enable-shared --enable-threads=posix --enable-libmpx --with-system-zlib --with-isl --enable-__cxa_atexit --disable-libunwind-exceptions --enable-clocale=gnu --disable-libstdcxx-pch --disable-libssp --enable-gnu-unique-object --enable-linker-build-id --enable-lto --enable-plugin --enable-install-libiberty --with-linker-hash-style=gnu --enable-gnu-indirect-function --enable-multilib --disable-werror --enable-checking=release --enable-default-pie --enable-default-ssp --enable-cet=auto
Thread model: posix
gcc version 8.2.1 20181127 (GCC) 
configure:2509: $? = 0
configure:2498: g++ -V >&5
g++: error: unrecognized command line option '-V'
g++: fatal error: no input files
compilation terminated.
configure:2509: $? = 1
configure:2498: g++ -qversion >&5
g++: error: unrecognized command line option '-qversion'; did you mean '--version'?
g++: fatal error: no input files
compilation terminated.
configure:2509: $? = 1
configure:2529: checking whether the C++ compiler works
configure:2551: g++    conftest.cpp  >&5
configure:2555: $? = 0
configure:2603: result: yes
configure:2606: checking for C++ compiler default output file name
configure:2608: result: a.out
configure:2614: checking for suffix of executables
configure:2621: g++ -o conftest    conftest.cpp  >&5
configure:2625: $? = 0
configure:2647: result: 
configure:2669: checking whether we are cross compiling
configure:2677: g++ -o conftest    conftest.cpp  >&5
configure:2681: $? = 0
configure:2688: ./conftest
configure:2692: $? = 0
configure:2680: result: no
configure:2685: checking for suffix of object files
configure:2707: g++ -c   conftest.cpp >&5
configure:2711: $? = 0
configure:2732: result: o
configure:2736: checking whether we are using the GNU C++ compiler
configure:2755: g++ -c   conftest.cpp >&5
configure:2755: $? = 0
configure:2764: result: yes
configure:2773: checking whether g++ accepts -g
configure:2793: g++ -c -g  conftest.cpp >&5
configure:2793: $? = 0
configure:2834: result: yes
configure:2905: checking for gcc
configure:2921: found /bin/gcc
configure:2932: result: gcc
configure:3161: checking for C compiler version
configure:3170: gcc --version >&5
gcc (GCC) 8.2.1 20181127
Copyright (C) 2018 Free Software Foundation, Inc.
This is free software; see the source for copying conditions.  There is NO
warranty; not even for MERCHANTABILITY or FITNESS FOR A PARTICULAR PURPOSE.

configure:3181: $? = 0
configure:3170: gcc -v >&5
Using built-in specs.
COLLECT_GCC=gcc
COLLECT_LTO_WRAPPER=/usr/lib/gcc/x86_64-pc-linux-gnu/8.2.1/lto-wrapper
Target: x86_64-pc-linux-gnu
Configured with: /build/gcc/src/gcc/configure --prefix=/usr --libdir=/usr/lib --libexecdir=/usr/lib --mandir=/usr/share/man --infodir=/usr/share/info --with-bugurl=https://bugs.archlinux.org/ --enable-languages=c,c++,ada,fortran,go,lto,objc,obj-c++ --enable-shared --enable-threads=posix --enable-libmpx --with-system-zlib --with-isl --enable-__cxa_atexit --disable-libunwind-exceptions --enable-clocale=gnu --disable-libstdcxx-pch --disable-libssp --enable-gnu-unique-object --enable-linker-build-id --enable-lto --enable-plugin --enable-install-libiberty --with-linker-hash-style=gnu --enable-gnu-indirect-function --enable-multilib --disable-werror --enable-checking=release --enable-default-pie --enable-default-ssp --enable-cet=auto
Thread model: posix
gcc version 8.2.1 20181127 (GCC) 
configure:3181: $? = 0
configure:3170: gcc -V >&5
gcc: error: unrecognized command line option '-V'
gcc: fatal error: no input files
compilation terminated.
configure:3181: $? = 1
configure:3170: gcc -qversion >&5
gcc: error: unrecognized command line option '-qversion'; did you mean '--version'?
gcc: fatal error: no input files
compilation terminated.
configure:3181: $? = 1
configure:3185: checking whether we are using the GNU C compiler
configure:3204: gcc -c   conftest.c >&5
configure:3204: $? = 0
configure:3213: result: yes
configure:3222: checking whether gcc accepts -g
configure:3242: gcc -c -g  conftest.c >&5
configure:3242: $? = 0
configure:3283: result: yes
configure:3300: checking for gcc option to accept ISO C89
configure:3363: gcc  -c -g -O2  conftest.c >&5
configure:3363: $? = 0
configure:3376: result: none needed
configure:3433: checking whether gcc understands -c and -o together
configure:3455: gcc -c conftest.c -o conftest2.o
configure:3458: $? = 0
configure:3455: gcc -c conftest.c -o conftest2.o
configure:3458: $? = 0
configure:3470: result: yes
configure:3487: checking whether make sets $(MAKE)
configure:3509: result: yes
configure:3536: checking for a BSD-compatible install
configure:3604: result: /bin/install -c
configure:3615: checking whether build environment is sane
configure:3670: result: yes
configure:3816: checking for a thread-safe mkdir -p
configure:3855: result: /bin/mkdir -p
configure:3862: checking for gawk
configure:3878: found /bin/gawk
configure:3889: result: gawk
configure:3913: checking whether make supports the include directive
configure:3928: make -f confmf.GNU && cat confinc.out
this is the am__doit target
configure:3931: $? = 0
configure:3950: result: yes (GNU style)
configure:3983: checking whether make supports nested variables
configure:4000: result: yes
configure:4085: checking dependency style of gcc
configure:4196: result: gcc3
configure:4213: checking dependency style of g++
configure:4324: result: gcc3
configure:4386: checking for main in -lboost_regex
configure:4405: gcc -o conftest -g -O2   conftest.c -lboost_regex   >&5
configure:4405: $? = 0
configure:4414: result: yes
configure:4432: checking how to run the C preprocessor
configure:4463: gcc -E  conftest.c
configure:4463: $? = 0
configure:4477: gcc -E  conftest.c
conftest.c:12:10: fatal error: ac_nonexistent.h: No such file or directory
 #include <ac_nonexistent.h>
          ^~~~~~~~~~~~~~~~~~
compilation terminated.
configure:4477: $? = 1
configure: failed program was:
| /* confdefs.h */
| #define PACKAGE_NAME "cuts"
| #define PACKAGE_TARNAME "cuts"
| #define PACKAGE_VERSION "0.0.1a"
| #define PACKAGE_STRING "cuts 0.0.1a"
| #define PACKAGE_BUGREPORT "44244401+TTWNO@users.noreply.github.com"
| #define PACKAGE_URL ""
| #define PACKAGE "cuts"
| #define VERSION "0.0.1a"
| #define HAVE_LIBBOOST_REGEX 1
| /* end confdefs.h.  */
| #include <ac_nonexistent.h>
configure:4502: result: gcc -E
configure:4522: gcc -E  conftest.c
configure:4522: $? = 0
configure:4536: gcc -E  conftest.c
conftest.c:12:10: fatal error: ac_nonexistent.h: No such file or directory
 #include <ac_nonexistent.h>
          ^~~~~~~~~~~~~~~~~~
compilation terminated.
configure:4536: $? = 1
configure: failed program was:
| /* confdefs.h */
| #define PACKAGE_NAME "cuts"
| #define PACKAGE_TARNAME "cuts"
| #define PACKAGE_VERSION "0.0.1a"
| #define PACKAGE_STRING "cuts 0.0.1a"
| #define PACKAGE_BUGREPORT "44244401+TTWNO@users.noreply.github.com"
| #define PACKAGE_URL ""
| #define PACKAGE "cuts"
| #define VERSION "0.0.1a"
| #define HAVE_LIBBOOST_REGEX 1
| /* end confdefs.h.  */
| #include <ac_nonexistent.h>
configure:4565: checking for grep that handles long lines and -e
configure:4623: result: /bin/grep
configure:4628: checking for egrep
configure:4690: result: /bin/grep -E
configure:4695: checking for ANSI C header files
configure:4715: gcc -c -g -O2  conftest.c >&5
configure:4715: $? = 0
configure:4788: gcc -o conftest -g -O2   conftest.c -lboost_regex  >&5
configure:4788: $? = 0
configure:4788: ./conftest
configure:4788: $? = 0
configure:4799: result: yes
configure:4812: checking for sys/types.h
configure:4812: gcc -c -g -O2  conftest.c >&5
configure:4812: $? = 0
configure:4812: result: yes
configure:4812: checking for sys/stat.h
configure:4812: gcc -c -g -O2  conftest.c >&5
configure:4812: $? = 0
configure:4812: result: yes
configure:4812: checking for stdlib.h
configure:4812: gcc -c -g -O2  conftest.c >&5
configure:4812: $? = 0
configure:4812: result: yes
configure:4812: checking for string.h
configure:4812: gcc -c -g -O2  conftest.c >&5
configure:4812: $? = 0
configure:4812: result: yes
configure:4812: checking for memory.h
configure:4812: gcc -c -g -O2  conftest.c >&5
configure:4812: $? = 0
configure:4812: result: yes
configure:4812: checking for strings.h
configure:4812: gcc -c -g -O2  conftest.c >&5
configure:4812: $? = 0
configure:4812: result: yes
configure:4812: checking for inttypes.h
configure:4812: gcc -c -g -O2  conftest.c >&5
configure:4812: $? = 0
configure:4812: result: yes
configure:4812: checking for stdint.h
configure:4812: gcc -c -g -O2  conftest.c >&5
configure:4812: $? = 0
configure:4812: result: yes
configure:4812: checking for unistd.h
configure:4812: gcc -c -g -O2  conftest.c >&5
configure:4812: $? = 0
configure:4812: result: yes
configure:4826: checking for unistd.h
configure:4826: result: yes
configure:4838: checking for stdbool.h that conforms to C99
configure:4905: gcc -c -g -O2  conftest.c >&5
configure:4905: $? = 0
configure:4912: result: yes
configure:4914: checking for _Bool
configure:4914: gcc -c -g -O2  conftest.c >&5
configure:4914: $? = 0
configure:4914: gcc -c -g -O2  conftest.c >&5
conftest.c: In function 'main':
conftest.c:59:20: error: expected expression before ')' token
 if (sizeof ((_Bool)))
                    ^
configure:4914: $? = 1
configure: failed program was:
| /* confdefs.h */
| #define PACKAGE_NAME "cuts"
| #define PACKAGE_TARNAME "cuts"
| #define PACKAGE_VERSION "0.0.1a"
| #define PACKAGE_STRING "cuts 0.0.1a"
| #define PACKAGE_BUGREPORT "44244401+TTWNO@users.noreply.github.com"
| #define PACKAGE_URL ""
| #define PACKAGE "cuts"
| #define VERSION "0.0.1a"
| #define HAVE_LIBBOOST_REGEX 1
| #define STDC_HEADERS 1
| #define HAVE_SYS_TYPES_H 1
| #define HAVE_SYS_STAT_H 1
| #define HAVE_STDLIB_H 1
| #define HAVE_STRING_H 1
| #define HAVE_MEMORY_H 1
| #define HAVE_STRINGS_H 1
| #define HAVE_INTTYPES_H 1
| #define HAVE_STDINT_H 1
| #define HAVE_UNISTD_H 1
| #define HAVE_UNISTD_H 1
| /* end confdefs.h.  */
| #include <stdio.h>
| #ifdef HAVE_SYS_TYPES_H
| # include <sys/types.h>
| #endif
| #ifdef HAVE_SYS_STAT_H
| # include <sys/stat.h>
| #endif
| #ifdef STDC_HEADERS
| # include <stdlib.h>
| # include <stddef.h>
| #else
| # ifdef HAVE_STDLIB_H
| #  include <stdlib.h>
| # endif
| #endif
| #ifdef HAVE_STRING_H
| # if !defined STDC_HEADERS && defined HAVE_MEMORY_H
| #  include <memory.h>
| # endif
| # include <string.h>
| #endif
| #ifdef HAVE_STRINGS_H
| # include <strings.h>
| #endif
| #ifdef HAVE_INTTYPES_H
| # include <inttypes.h>
| #endif
| #ifdef HAVE_STDINT_H
| # include <stdint.h>
| #endif
| #ifdef HAVE_UNISTD_H
| # include <unistd.h>
| #endif
| int
| main ()
| {
| if (sizeof ((_Bool)))
| 	    return 0;
|   ;
|   return 0;
| }
configure:4914: result: yes
configure:4925: checking for inline
configure:4941: gcc -c -g -O2  conftest.c >&5
configure:4941: $? = 0
configure:4949: result: inline
configure:4967: checking for int32_t
configure:4967: gcc -c -g -O2  conftest.c >&5
configure:4967: $? = 0
configure:4967: gcc -c -g -O2  conftest.c >&5
conftest.c: In function 'main':
conftest.c:62:53: warning: integer overflow in expression of type 'int' results in '-2147483648' [-Woverflow]
    < (int32_t) (((((int32_t) 1 << N) << N) - 1) * 2 + 2))];
                                                     ^
conftest.c:61:12: error: storage size of 'test_array' isn't constant
 static int test_array [1 - 2 * !((int32_t) (((((int32_t) 1 << N) << N) - 1) * 2 + 1)
            ^~~~~~~~~~
configure:4967: $? = 1
configure: failed program was:
| /* confdefs.h */
| #define PACKAGE_NAME "cuts"
| #define PACKAGE_TARNAME "cuts"
| #define PACKAGE_VERSION "0.0.1a"
| #define PACKAGE_STRING "cuts 0.0.1a"
| #define PACKAGE_BUGREPORT "44244401+TTWNO@users.noreply.github.com"
| #define PACKAGE_URL ""
| #define PACKAGE "cuts"
| #define VERSION "0.0.1a"
| #define HAVE_LIBBOOST_REGEX 1
| #define STDC_HEADERS 1
| #define HAVE_SYS_TYPES_H 1
| #define HAVE_SYS_STAT_H 1
| #define HAVE_STDLIB_H 1
| #define HAVE_STRING_H 1
| #define HAVE_MEMORY_H 1
| #define HAVE_STRINGS_H 1
| #define HAVE_INTTYPES_H 1
| #define HAVE_STDINT_H 1
| #define HAVE_UNISTD_H 1
| #define HAVE_UNISTD_H 1
| #define HAVE__BOOL 1
| /* end confdefs.h.  */
| #include <stdio.h>
| #ifdef HAVE_SYS_TYPES_H
| # include <sys/types.h>
| #endif
| #ifdef HAVE_SYS_STAT_H
| # include <sys/stat.h>
| #endif
| #ifdef STDC_HEADERS
| # include <stdlib.h>
| # include <stddef.h>
| #else
| # ifdef HAVE_STDLIB_H
| #  include <stdlib.h>
| # endif
| #endif
| #ifdef HAVE_STRING_H
| # if !defined STDC_HEADERS && defined HAVE_MEMORY_H
| #  include <memory.h>
| # endif
| # include <string.h>
| #endif
| #ifdef HAVE_STRINGS_H
| # include <strings.h>
| #endif
| #ifdef HAVE_INTTYPES_H
| # include <inttypes.h>
| #endif
| #ifdef HAVE_STDINT_H
| # include <stdint.h>
| #endif
| #ifdef HAVE_UNISTD_H
| # include <unistd.h>
| #endif
| 	        enum { N = 32 / 2 - 1 };
| int
| main ()
| {
| static int test_array [1 - 2 * !((int32_t) (((((int32_t) 1 << N) << N) - 1) * 2 + 1)
| 		 < (int32_t) (((((int32_t) 1 << N) << N) - 1) * 2 + 2))];
| test_array [0] = 0;
| return test_array [0];
| 
|   ;
|   return 0;
| }
configure:4967: result: yes
configure:4978: checking for int64_t
configure:4978: gcc -c -g -O2  conftest.c >&5
configure:4978: $? = 0
configure:4978: gcc -c -g -O2  conftest.c >&5
conftest.c: In function 'main':
conftest.c:62:53: warning: integer overflow in expression of type 'long int' results in '-9223372036854775808' [-Woverflow]
    < (int64_t) (((((int64_t) 1 << N) << N) - 1) * 2 + 2))];
                                                     ^
conftest.c:61:12: error: storage size of 'test_array' isn't constant
 static int test_array [1 - 2 * !((int64_t) (((((int64_t) 1 << N) << N) - 1) * 2 + 1)
            ^~~~~~~~~~
configure:4978: $? = 1
configure: failed program was:
| /* confdefs.h */
| #define PACKAGE_NAME "cuts"
| #define PACKAGE_TARNAME "cuts"
| #define PACKAGE_VERSION "0.0.1a"
| #define PACKAGE_STRING "cuts 0.0.1a"
| #define PACKAGE_BUGREPORT "44244401+TTWNO@users.noreply.github.com"
| #define PACKAGE_URL ""
| #define PACKAGE "cuts"
| #define VERSION "0.0.1a"
| #define HAVE_LIBBOOST_REGEX 1
| #define STDC_HEADERS 1
| #define HAVE_SYS_TYPES_H 1
| #define HAVE_SYS_STAT_H 1
| #define HAVE_STDLIB_H 1
| #define HAVE_STRING_H 1
| #define HAVE_MEMORY_H 1
| #define HAVE_STRINGS_H 1
| #define HAVE_INTTYPES_H 1
| #define HAVE_STDINT_H 1
| #define HAVE_UNISTD_H 1
| #define HAVE_UNISTD_H 1
| #define HAVE__BOOL 1
| /* end confdefs.h.  */
| #include <stdio.h>
| #ifdef HAVE_SYS_TYPES_H
| # include <sys/types.h>
| #endif
| #ifdef HAVE_SYS_STAT_H
| # include <sys/stat.h>
| #endif
| #ifdef STDC_HEADERS
| # include <stdlib.h>
| # include <stddef.h>
| #else
| # ifdef HAVE_STDLIB_H
| #  include <stdlib.h>
| # endif
| #endif
| #ifdef HAVE_STRING_H
| # if !defined STDC_HEADERS && defined HAVE_MEMORY_H
| #  include <memory.h>
| # endif
| # include <string.h>
| #endif
| #ifdef HAVE_STRINGS_H
| # include <strings.h>
| #endif
| #ifdef HAVE_INTTYPES_H
| # include <inttypes.h>
| #endif
| #ifdef HAVE_STDINT_H
| # include <stdint.h>
| #endif
| #ifdef HAVE_UNISTD_H
| # include <unistd.h>
| #endif
| 	        enum { N = 64 / 2 - 1 };
| int
| main ()
| {
| static int test_array [1 - 2 * !((int64_t) (((((int64_t) 1 << N) << N) - 1) * 2 + 1)
| 		 < (int64_t) (((((int64_t) 1 << N) << N) - 1) * 2 + 2))];
| test_array [0] = 0;
| return test_array [0];
| 
|   ;
|   return 0;
| }
configure:4978: result: yes
configure:4989: checking for size_t
configure:4989: gcc -c -g -O2  conftest.c >&5
configure:4989: $? = 0
configure:4989: gcc -c -g -O2  conftest.c >&5
conftest.c: In function 'main':
conftest.c:60:21: error: expected expression before ')' token
 if (sizeof ((size_t)))
                     ^
configure:4989: $? = 1
configure: failed program was:
| /* confdefs.h */
| #define PACKAGE_NAME "cuts"
| #define PACKAGE_TARNAME "cuts"
| #define PACKAGE_VERSION "0.0.1a"
| #define PACKAGE_STRING "cuts 0.0.1a"
| #define PACKAGE_BUGREPORT "44244401+TTWNO@users.noreply.github.com"
| #define PACKAGE_URL ""
| #define PACKAGE "cuts"
| #define VERSION "0.0.1a"
| #define HAVE_LIBBOOST_REGEX 1
| #define STDC_HEADERS 1
| #define HAVE_SYS_TYPES_H 1
| #define HAVE_SYS_STAT_H 1
| #define HAVE_STDLIB_H 1
| #define HAVE_STRING_H 1
| #define HAVE_MEMORY_H 1
| #define HAVE_STRINGS_H 1
| #define HAVE_INTTYPES_H 1
| #define HAVE_STDINT_H 1
| #define HAVE_UNISTD_H 1
| #define HAVE_UNISTD_H 1
| #define HAVE__BOOL 1
| /* end confdefs.h.  */
| #include <stdio.h>
| #ifdef HAVE_SYS_TYPES_H
| # include <sys/types.h>
| #endif
| #ifdef HAVE_SYS_STAT_H
| # include <sys/stat.h>
| #endif
| #ifdef STDC_HEADERS
| # include <stdlib.h>
| # include <stddef.h>
| #else
| # ifdef HAVE_STDLIB_H
| #  include <stdlib.h>
| # endif
| #endif
| #ifdef HAVE_STRING_H
| # if !defined STDC_HEADERS && defined HAVE_MEMORY_H
| #  include <memory.h>
| # endif
| # include <string.h>
| #endif
| #ifdef HAVE_STRINGS_H
| # include <strings.h>
| #endif
| #ifdef HAVE_INTTYPES_H
| # include <inttypes.h>
| #endif
| #ifdef HAVE_STDINT_H
| # include <stdint.h>
| #endif
| #ifdef HAVE_UNISTD_H
| # include <unistd.h>
| #endif
| int
| main ()
| {
| if (sizeof ((size_t)))
| 	    return 0;
|   ;
|   return 0;
| }
configure:4989: result: yes
configure:5000: checking for uint32_t
configure:5000: gcc -c -g -O2  conftest.c >&5
configure:5000: $? = 0
configure:5000: result: yes
configure:5014: checking for uint64_t
configure:5014: gcc -c -g -O2  conftest.c >&5
configure:5014: $? = 0
configure:5014: result: yes
configure:5028: checking for uint8_t
configure:5028: gcc -c -g -O2  conftest.c >&5
configure:5028: $? = 0
configure:5028: result: yes
configure:5042: checking for ptrdiff_t
configure:5042: gcc -c -g -O2  conftest.c >&5
configure:5042: $? = 0
configure:5042: gcc -c -g -O2  conftest.c >&5
conftest.c: In function 'main':
conftest.c:60:24: error: expected expression before ')' token
 if (sizeof ((ptrdiff_t)))
                        ^
configure:5042: $? = 1
configure: failed program was:
| /* confdefs.h */
| #define PACKAGE_NAME "cuts"
| #define PACKAGE_TARNAME "cuts"
| #define PACKAGE_VERSION "0.0.1a"
| #define PACKAGE_STRING "cuts 0.0.1a"
| #define PACKAGE_BUGREPORT "44244401+TTWNO@users.noreply.github.com"
| #define PACKAGE_URL ""
| #define PACKAGE "cuts"
| #define VERSION "0.0.1a"
| #define HAVE_LIBBOOST_REGEX 1
| #define STDC_HEADERS 1
| #define HAVE_SYS_TYPES_H 1
| #define HAVE_SYS_STAT_H 1
| #define HAVE_STDLIB_H 1
| #define HAVE_STRING_H 1
| #define HAVE_MEMORY_H 1
| #define HAVE_STRINGS_H 1
| #define HAVE_INTTYPES_H 1
| #define HAVE_STDINT_H 1
| #define HAVE_UNISTD_H 1
| #define HAVE_UNISTD_H 1
| #define HAVE__BOOL 1
| /* end confdefs.h.  */
| #include <stdio.h>
| #ifdef HAVE_SYS_TYPES_H
| # include <sys/types.h>
| #endif
| #ifdef HAVE_SYS_STAT_H
| # include <sys/stat.h>
| #endif
| #ifdef STDC_HEADERS
| # include <stdlib.h>
| # include <stddef.h>
| #else
| # ifdef HAVE_STDLIB_H
| #  include <stdlib.h>
| # endif
| #endif
| #ifdef HAVE_STRING_H
| # if !defined STDC_HEADERS && defined HAVE_MEMORY_H
| #  include <memory.h>
| # endif
| # include <string.h>
| #endif
| #ifdef HAVE_STRINGS_H
| # include <strings.h>
| #endif
| #ifdef HAVE_INTTYPES_H
| # include <inttypes.h>
| #endif
| #ifdef HAVE_STDINT_H
| # include <stdint.h>
| #endif
| #ifdef HAVE_UNISTD_H
| # include <unistd.h>
| #endif
| int
| main ()
| {
| if (sizeof ((ptrdiff_t)))
| 	    return 0;
|   ;
|   return 0;
| }
configure:5042: result: yes
configure:5056: checking for stdlib.h
configure:5056: result: yes
configure:5066: checking for GNU libc compatible malloc
configure:5090: gcc -o conftest -g -O2   conftest.c -lboost_regex  >&5
configure:5090: $? = 0
configure:5090: ./conftest
configure:5090: $? = 0
configure:5100: result: yes
configure:5124: checking for dup2
configure:5124: gcc -o conftest -g -O2   conftest.c -lboost_regex  >&5
configure:5124: $? = 0
configure:5124: result: yes
configure:5124: checking for memset
configure:5124: gcc -o conftest -g -O2   conftest.c -lboost_regex  >&5
conftest.c:51:6: warning: conflicting types for built-in function 'memset' [-Wbuiltin-declaration-mismatch]
 char memset ();
      ^~~~~~
configure:5124: $? = 0
configure:5124: result: yes
configure:5124: checking for pow
configure:5124: gcc -o conftest -g -O2   conftest.c -lboost_regex  >&5
conftest.c:52:6: warning: conflicting types for built-in function 'pow' [-Wbuiltin-declaration-mismatch]
 char pow ();
      ^~~
/bin/ld: /tmp/ccPgcG62.o: undefined reference to symbol 'pow@@GLIBC_2.2.5'
/bin/ld: /usr/lib/libm.so.6: error adding symbols: DSO missing from command line
collect2: error: ld returned 1 exit status
configure:5124: $? = 1
configure: failed program was:
| /* confdefs.h */
| #define PACKAGE_NAME "cuts"
| #define PACKAGE_TARNAME "cuts"
| #define PACKAGE_VERSION "0.0.1a"
| #define PACKAGE_STRING "cuts 0.0.1a"
| #define PACKAGE_BUGREPORT "44244401+TTWNO@users.noreply.github.com"
| #define PACKAGE_URL ""
| #define PACKAGE "cuts"
| #define VERSION "0.0.1a"
| #define HAVE_LIBBOOST_REGEX 1
| #define STDC_HEADERS 1
| #define HAVE_SYS_TYPES_H 1
| #define HAVE_SYS_STAT_H 1
| #define HAVE_STDLIB_H 1
| #define HAVE_STRING_H 1
| #define HAVE_MEMORY_H 1
| #define HAVE_STRINGS_H 1
| #define HAVE_INTTYPES_H 1
| #define HAVE_STDINT_H 1
| #define HAVE_UNISTD_H 1
| #define HAVE_UNISTD_H 1
| #define HAVE__BOOL 1
| #define HAVE_PTRDIFF_T 1
| #define HAVE_STDLIB_H 1
| #define HAVE_MALLOC 1
| #define HAVE_DUP2 1
| #define HAVE_MEMSET 1
| /* end confdefs.h.  */
| /* Define pow to an innocuous variant, in case <limits.h> declares pow.
|    For example, HP-UX 11i <limits.h> declares gettimeofday.  */
| #define pow innocuous_pow
| 
| /* System header to define __stub macros and hopefully few prototypes,
|     which can conflict with char pow (); below.
|     Prefer <limits.h> to <assert.h> if __STDC__ is defined, since
|     <limits.h> exists even on freestanding compilers.  */
| 
| #ifdef __STDC__
| # include <limits.h>
| #else
| # include <assert.h>
| #endif
| 
| #undef pow
| 
| /* Override any GCC internal prototype to avoid an error.
|    Use char because int might match the return type of a GCC
|    builtin and then its argument prototype would still apply.  */
| #ifdef __cplusplus
| extern "C"
| #endif
| char pow ();
| /* The GNU C library defines this for functions which it implements
|     to always fail with ENOSYS.  Some functions are actually named
|     something starting with __ and the normal name is an alias.  */
| #if defined __stub_pow || defined __stub___pow
| choke me
| #endif
| 
| int
| main ()
| {
| return pow ();
|   ;
|   return 0;
| }
configure:5124: result: no
configure:5237: checking that generated files are newer than configure
configure:5243: result: done
configure:5270: creating ./config.status

## ---------------------- ##
## Running config.status. ##
## ---------------------- ##

This file was extended by cuts config.status 0.0.1a, which was
generated by GNU Autoconf 2.69.  Invocation command line was

  CONFIG_FILES    = 
  CONFIG_HEADERS  = 
  CONFIG_LINKS    = 
  CONFIG_COMMANDS = 
  $ ./config.status 

on archlinux

config.status:862: creating Makefile
config.status:862: creating config.h
config.status:1043: config.h is unchanged
config.status:1091: executing depfiles commands
config.status:1168: cd .       && sed -e '/# am--include-marker/d' Makefile         | make -f - am--depfiles
config.status:1173: $? = 0

## ---------------- ##
## Cache variables. ##
## ---------------- ##

ac_cv_c_compiler_gnu=yes
ac_cv_c_inline=inline
ac_cv_c_int32_t=yes
ac_cv_c_int64_t=yes
ac_cv_c_uint32_t=yes
ac_cv_c_uint64_t=yes
ac_cv_c_uint8_t=yes
ac_cv_cxx_compiler_gnu=yes
ac_cv_env_CCC_set=
ac_cv_env_CCC_value=
ac_cv_env_CC_set=
ac_cv_env_CC_value=
ac_cv_env_CFLAGS_set=
ac_cv_env_CFLAGS_value=
ac_cv_env_CPPFLAGS_set=
ac_cv_env_CPPFLAGS_value=
ac_cv_env_CPP_set=
ac_cv_env_CPP_value=
ac_cv_env_CXXFLAGS_set=
ac_cv_env_CXXFLAGS_value=
ac_cv_env_CXX_set=
ac_cv_env_CXX_value=
ac_cv_env_LDFLAGS_set=
ac_cv_env_LDFLAGS_value=
ac_cv_env_LIBS_set=
ac_cv_env_LIBS_value=
ac_cv_env_build_alias_set=
ac_cv_env_build_alias_value=
ac_cv_env_host_alias_set=
ac_cv_env_host_alias_value=
ac_cv_env_target_alias_set=
ac_cv_env_target_alias_value=
ac_cv_func_dup2=yes
ac_cv_func_malloc_0_nonnull=yes
ac_cv_func_memset=yes
ac_cv_func_pow=no
ac_cv_header_inttypes_h=yes
ac_cv_header_memory_h=yes
ac_cv_header_stdbool_h=yes
ac_cv_header_stdc=yes
ac_cv_header_stdint_h=yes
ac_cv_header_stdlib_h=yes
ac_cv_header_string_h=yes
ac_cv_header_strings_h=yes
ac_cv_header_sys_stat_h=yes
ac_cv_header_sys_types_h=yes
ac_cv_header_unistd_h=yes
ac_cv_lib_boost_regex_main=yes
ac_cv_objext=o
ac_cv_path_EGREP='/bin/grep -E'
ac_cv_path_GREP=/bin/grep
ac_cv_path_install='/bin/install -c'
ac_cv_path_mkdir=/bin/mkdir
ac_cv_prog_AWK=gawk
ac_cv_prog_CPP='gcc -E'
ac_cv_prog_ac_ct_CC=gcc
ac_cv_prog_ac_ct_CXX=g++
ac_cv_prog_cc_c89=
ac_cv_prog_cc_g=yes
ac_cv_prog_cxx_g=yes
ac_cv_prog_make_make_set=yes
ac_cv_type__Bool=yes
ac_cv_type_ptrdiff_t=yes
ac_cv_type_size_t=yes
am_cv_CC_dependencies_compiler_type=gcc3
am_cv_CXX_dependencies_compiler_type=gcc3
am_cv_make_support_nested_variables=yes
am_cv_prog_cc_c_o=yes

## ----------------- ##
## Output variables. ##
## ----------------- ##

ACLOCAL='${SHELL} /home/tait/Documents/T-cuts/missing aclocal-1.16'
AMDEPBACKSLASH='\'
AMDEP_FALSE='#'
AMDEP_TRUE=''
AMTAR='$${TAR-tar}'
AM_BACKSLASH='\'
AM_DEFAULT_V='$(AM_DEFAULT_VERBOSITY)'
AM_DEFAULT_VERBOSITY='1'
AM_V='$(V)'
AUTOCONF='${SHELL} /home/tait/Documents/T-cuts/missing autoconf'
AUTOHEADER='${SHELL} /home/tait/Documents/T-cuts/missing autoheader'
AUTOMAKE='${SHELL} /home/tait/Documents/T-cuts/missing automake-1.16'
AWK='gawk'
CC='gcc'
CCDEPMODE='depmode=gcc3'
CFLAGS='-g -O2'
CPP='gcc -E'
CPPFLAGS=''
CXX='g++'
CXXDEPMODE='depmode=gcc3'
CXXFLAGS='-g -O2'
CYGPATH_W='echo'
DEFS='-DHAVE_CONFIG_H'
DEPDIR='.deps'
ECHO_C=''
ECHO_N='-n'
ECHO_T=''
EGREP='/bin/grep -E'
EXEEXT=''
GREP='/bin/grep'
INSTALL_DATA='${INSTALL} -m 644'
INSTALL_PROGRAM='${INSTALL}'
INSTALL_SCRIPT='${INSTALL}'
INSTALL_STRIP_PROGRAM='$(install_sh) -c -s'
LDFLAGS=''
LIBOBJS=''
LIBS='-lboost_regex '
LTLIBOBJS=''
MAKEINFO='${SHELL} /home/tait/Documents/T-cuts/missing makeinfo'
MKDIR_P='/bin/mkdir -p'
OBJEXT='o'
PACKAGE='cuts'
PACKAGE_BUGREPORT='44244401+TTWNO@users.noreply.github.com'
PACKAGE_NAME='cuts'
PACKAGE_STRING='cuts 0.0.1a'
PACKAGE_TARNAME='cuts'
PACKAGE_URL=''
PACKAGE_VERSION='0.0.1a'
PATH_SEPARATOR=':'
SET_MAKE=''
SHELL='/bin/sh'
STRIP=''
VERSION='0.0.1a'
ac_ct_CC='gcc'
ac_ct_CXX='g++'
am__EXEEXT_FALSE=''
am__EXEEXT_TRUE='#'
am__fastdepCC_FALSE='#'
am__fastdepCC_TRUE=''
am__fastdepCXX_FALSE='#'
am__fastdepCXX_TRUE=''
am__include='include'
am__isrc=''
am__leading_dot='.'
am__nodep='_no'
am__quote=''
am__tar='$${TAR-tar} chof - "$$tardir"'
am__untar='$${TAR-tar} xf -'
bindir='${exec_prefix}/bin'
build_alias=''
datadir='${datarootdir}'
datarootdir='${prefix}/share'
docdir='${datarootdir}/doc/${PACKAGE_TARNAME}'
dvidir='${docdir}'
exec_prefix='${prefix}'
host_alias=''
htmldir='${docdir}'
includedir='${prefix}/include'
infodir='${datarootdir}/info'
install_sh='${SHELL} /home/tait/Documents/T-cuts/install-sh'
libdir='${exec_prefix}/lib'
libexecdir='${exec_prefix}/libexec'
localedir='${datarootdir}/locale'
localstatedir='${prefix}/var'
mandir='${datarootdir}/man'
mkdir_p='$(MKDIR_P)'
oldincludedir='/usr/include'
pdfdir='${docdir}'
prefix='/usr/local'
program_transform_name='s,x,x,'
psdir='${docdir}'
sbindir='${exec_prefix}/sbin'
sharedstatedir='${prefix}/com'
sysconfdir='${prefix}/etc'
target_alias=''

## ----------- ##
## confdefs.h. ##
## ----------- ##

/* confdefs.h */
#define PACKAGE_NAME "cuts"
#define PACKAGE_TARNAME "cuts"
#define PACKAGE_VERSION "0.0.1a"
#define PACKAGE_STRING "cuts 0.0.1a"
#define PACKAGE_BUGREPORT "44244401+TTWNO@users.noreply.github.com"
#define PACKAGE_URL ""
#define PACKAGE "cuts"
#define VERSION "0.0.1a"
#define HAVE_LIBBOOST_REGEX 1
#define STDC_HEADERS 1
#define HAVE_SYS_TYPES_H 1
#define HAVE_SYS_STAT_H 1
#define HAVE_STDLIB_H 1
#define HAVE_STRING_H 1
#define HAVE_MEMORY_H 1
#define HAVE_STRINGS_H 1
#define HAVE_INTTYPES_H 1
#define HAVE_STDINT_H 1
#define HAVE_UNISTD_H 1
#define HAVE_UNISTD_H 1
#define HAVE__BOOL 1
#define HAVE_PTRDIFF_T 1
#define HAVE_STDLIB_H 1
#define HAVE_MALLOC 1
#define HAVE_DUP2 1
#define HAVE_MEMSET 1

configure: exit 0
